2016-04-27 09:46:11,726 INFO  [Log] **************************************************************************************** 
2016-04-27 09:46:11,731 INFO  [Log] **************************************************************************************** 
2016-04-27 09:46:11,731 INFO  [Log] $$$$$$$$$$$$$$$$$$$$$                 Selenium_Test_001       $$$$$$$$$$$$$$$$$$$$$$$$$ 
2016-04-27 09:46:11,731 INFO  [Log] **************************************************************************************** 
2016-04-27 09:46:11,731 INFO  [Log] **************************************************************************************** 
2016-04-27 09:46:11,732 INFO  [Log] urlset to: https://impellam.spiraservice.net/Services/v4_0/ImportExport.svc 
2016-04-27 09:46:49,218 INFO  [Log] **************************************************************************************** 
2016-04-27 09:46:49,227 INFO  [Log] **************************************************************************************** 
2016-04-27 09:46:49,227 INFO  [Log] $$$$$$$$$$$$$$$$$$$$$                 Selenium_Test_001       $$$$$$$$$$$$$$$$$$$$$$$$$ 
2016-04-27 09:46:49,227 INFO  [Log] **************************************************************************************** 
2016-04-27 09:46:49,228 INFO  [Log] **************************************************************************************** 
2016-04-27 09:48:26,526 INFO  [Log] **************************************************************************************** 
2016-04-27 09:48:26,535 INFO  [Log] **************************************************************************************** 
2016-04-27 09:48:26,535 INFO  [Log] $$$$$$$$$$$$$$$$$$$$$                 Selenium_Test_001       $$$$$$$$$$$$$$$$$$$$$$$$$ 
2016-04-27 09:48:26,535 INFO  [Log] **************************************************************************************** 
2016-04-27 09:48:26,535 INFO  [Log] **************************************************************************************** 
2016-04-27 09:48:47,801 INFO  [Log] **************************************************************************************** 
2016-04-27 09:48:47,818 INFO  [Log] **************************************************************************************** 
2016-04-27 09:48:47,818 INFO  [Log] $$$$$$$$$$$$$$$$$$$$$                 Selenium_Test_001       $$$$$$$$$$$$$$$$$$$$$$$$$ 
2016-04-27 09:48:47,818 INFO  [Log] **************************************************************************************** 
2016-04-27 09:48:47,818 INFO  [Log] **************************************************************************************** 
2016-04-27 09:48:47,819 INFO  [Log] urlset to: https://impellam.spiraservice.net/Services/v4_0/ImportExport.svc 
2016-04-27 09:57:04,396 INFO  [Log] **************************************************************************************** 
2016-04-27 09:57:04,405 INFO  [Log] **************************************************************************************** 
2016-04-27 09:57:04,405 INFO  [Log] $$$$$$$$$$$$$$$$$$$$$                 Selenium_Test_001       $$$$$$$$$$$$$$$$$$$$$$$$$ 
2016-04-27 09:57:04,405 INFO  [Log] **************************************************************************************** 
2016-04-27 09:57:04,405 INFO  [Log] **************************************************************************************** 
2016-04-27 09:57:04,406 INFO  [Log] urlset to: https://impellam.spiraservice.net/Services/v4_0/ImportExport.svc 
2016-05-11 15:45:53,328 INFO  [Log] Strating Project Test Execution 
2016-05-11 15:45:53,352 INFO  [Log] Running test for Project ID 75 
2016-05-11 15:45:53,352 INFO  [Log] **************************************************************************************** 
2016-05-11 15:45:53,352 INFO  [Log] **************************************************************************************** 
2016-05-11 15:45:53,352 INFO  [Log] $$$$$$$$$$$$$$$$$$$$$                 Starting to execute Test Set 230 and Test Case 160       $$$$$$$$$$$$$$$$$$$$$$$$$ 
2016-05-11 15:45:53,352 INFO  [Log] **************************************************************************************** 
2016-05-11 15:45:53,352 INFO  [Log] **************************************************************************************** 
2016-05-11 15:47:37,754 INFO  [Log] Strating Project Test Execution 
2016-05-11 15:47:37,757 INFO  [Log] Running test for Project ID 75 
2016-05-11 15:47:37,757 INFO  [Log] **************************************************************************************** 
2016-05-11 15:47:37,757 INFO  [Log] **************************************************************************************** 
2016-05-11 15:47:37,757 INFO  [Log] $$$$$$$$$$$$$$$$$$$$$                 Starting to execute Test Set 230 and Test Case 160       $$$$$$$$$$$$$$$$$$$$$$$$$ 
2016-05-11 15:47:37,757 INFO  [Log] **************************************************************************************** 
2016-05-11 15:47:37,757 INFO  [Log] **************************************************************************************** 
2016-05-11 15:48:20,007 INFO  [Log] Strating Project Test Execution 
2016-05-11 15:48:20,011 INFO  [Log] Running test for Project ID 75 
2016-05-11 15:48:43,782 INFO  [Log] **************************************************************************************** 
2016-05-11 15:48:44,550 INFO  [Log] **************************************************************************************** 
2016-05-11 15:48:52,965 INFO  [Log] $$$$$$$$$$$$$$$$$$$$$                 Starting to execute Test Set 230 and Test Case 160       $$$$$$$$$$$$$$$$$$$$$$$$$ 
2016-05-11 15:48:52,965 INFO  [Log] **************************************************************************************** 
2016-05-11 15:48:52,965 INFO  [Log] **************************************************************************************** 
2016-05-11 15:51:21,342 INFO  [Log] Strating Project Test Execution 
2016-05-11 15:51:21,345 INFO  [Log] Running test for Project ID 75 
2016-05-11 15:51:24,411 INFO  [Log] **************************************************************************************** 
2016-05-11 15:51:24,411 INFO  [Log] **************************************************************************************** 
2016-05-11 15:51:24,411 INFO  [Log] $$$$$$$$$$$$$$$$$$$$$                 Starting to execute Test Set 230 and Test Case 160       $$$$$$$$$$$$$$$$$$$$$$$$$ 
2016-05-11 15:51:24,411 INFO  [Log] **************************************************************************************** 
2016-05-11 15:51:24,411 INFO  [Log] **************************************************************************************** 
2016-05-11 15:54:14,063 INFO  [Log] Strating Project Test Execution 
2016-05-11 15:54:14,066 INFO  [Log] Running test for Project ID 75 
2016-05-11 15:54:14,066 INFO  [Log] **************************************************************************************** 
2016-05-11 15:54:14,066 INFO  [Log] **************************************************************************************** 
2016-05-11 15:54:14,066 INFO  [Log] $$$$$$$$$$$$$$$$$$$$$                 Starting to execute Test Set 230 and Test Case 160       $$$$$$$$$$$$$$$$$$$$$$$$$ 
2016-05-11 15:54:14,066 INFO  [Log] **************************************************************************************** 
2016-05-11 15:54:14,066 INFO  [Log] **************************************************************************************** 
2016-05-11 15:54:51,315 INFO  [Log] Strating Project Test Execution 
2016-05-11 15:54:51,318 INFO  [Log] Running test for Project ID 75 
2016-05-11 15:54:51,318 INFO  [Log] **************************************************************************************** 
2016-05-11 15:54:51,318 INFO  [Log] **************************************************************************************** 
2016-05-11 15:54:51,318 INFO  [Log] $$$$$$$$$$$$$$$$$$$$$                 Starting to execute Test Set 230 and Test Case 160       $$$$$$$$$$$$$$$$$$$$$$$$$ 
2016-05-11 15:54:51,318 INFO  [Log] **************************************************************************************** 
2016-05-11 15:54:51,318 INFO  [Log] **************************************************************************************** 
2016-05-11 15:56:01,950 INFO  [Log] Strating Project Test Execution 
2016-05-11 15:56:01,952 INFO  [Log] Running test for Project ID 75 
2016-05-11 15:56:01,953 INFO  [Log] **************************************************************************************** 
2016-05-11 15:56:01,953 INFO  [Log] **************************************************************************************** 
2016-05-11 15:56:01,953 INFO  [Log] $$$$$$$$$$$$$$$$$$$$$                 Starting to execute Test Set 230 and Test Case 160       $$$$$$$$$$$$$$$$$$$$$$$$$ 
2016-05-11 15:56:01,953 INFO  [Log] **************************************************************************************** 
2016-05-11 15:56:01,953 INFO  [Log] **************************************************************************************** 
2016-05-11 15:56:01,971 INFO  [Log] XXXXXXXXXXXXXXXXXXXXXXX             -E---N---D-             XXXXXXXXXXXXXXXXXXXXXX 
2016-05-11 15:56:01,971 INFO  [Log] X 
2016-05-11 15:56:01,971 INFO  [Log] X 
2016-05-11 15:56:01,971 INFO  [Log] X 
2016-05-11 15:56:01,971 INFO  [Log] X 
2016-05-11 15:56:02,011 INFO  [Log] Browser closed 
2016-05-11 16:02:08,293 INFO  [Log] Strating Project Test Execution 
2016-05-11 16:02:08,297 INFO  [Log] Running test for Project ID 75 
2016-05-11 16:02:08,297 INFO  [Log] **************************************************************************************** 
2016-05-11 16:02:08,297 INFO  [Log] **************************************************************************************** 
2016-05-11 16:02:08,297 INFO  [Log] $$$$$$$$$$$$$$$$$$$$$                 Starting to execute Test Set 230 and Test Case 160       $$$$$$$$$$$$$$$$$$$$$$$$$ 
2016-05-11 16:02:08,297 INFO  [Log] **************************************************************************************** 
2016-05-11 16:02:08,297 INFO  [Log] **************************************************************************************** 
2016-05-11 16:02:08,314 INFO  [Log] XXXXXXXXXXXXXXXXXXXXXXX             -E---N---D-             XXXXXXXXXXXXXXXXXXXXXX 
2016-05-11 16:02:08,314 INFO  [Log] X 
2016-05-11 16:02:08,314 INFO  [Log] X 
2016-05-11 16:02:08,314 INFO  [Log] X 
2016-05-11 16:02:08,314 INFO  [Log] X 
2016-05-11 16:02:08,353 INFO  [Log] Browser closed 
2016-05-11 16:03:40,253 INFO  [Log] Strating Project Test Execution 
2016-05-11 16:03:40,255 INFO  [Log] Running test for Project ID 75 
2016-05-11 16:03:40,255 INFO  [Log] **************************************************************************************** 
2016-05-11 16:03:40,255 INFO  [Log] **************************************************************************************** 
2016-05-11 16:03:40,256 INFO  [Log] $$$$$$$$$$$$$$$$$$$$$                 Starting to execute Test Set 230 and Test Case 160       $$$$$$$$$$$$$$$$$$$$$$$$$ 
2016-05-11 16:03:40,256 INFO  [Log] **************************************************************************************** 
2016-05-11 16:03:40,256 INFO  [Log] **************************************************************************************** 
2016-05-11 16:03:42,782 INFO  [Log]  Excel sheet opened 
2016-05-11 16:03:43,195 INFO  [Log]  Excel sheet opened 
2016-05-11 16:03:43,206 INFO  [Log] Username picked from Excel is Test Case Name 
2016-05-11 16:03:43,207 INFO  [Log] Password picked from Excel is Release # 
2016-05-11 16:03:43,225 ERROR [Log] Report Category button element is not found. 
2016-05-11 16:03:43,227 ERROR [Log] Class Utils | Method takeScreenshot | Exception occured while capturing ScreenShot : null 
2016-05-11 16:03:43,228 INFO  [Log] XXXXXXXXXXXXXXXXXXXXXXX             -E---N---D-             XXXXXXXXXXXXXXXXXXXXXX 
2016-05-11 16:03:43,228 INFO  [Log] X 
2016-05-11 16:03:43,228 INFO  [Log] X 
2016-05-11 16:03:43,228 INFO  [Log] X 
2016-05-11 16:03:43,228 INFO  [Log] X 
2016-05-11 16:03:43,266 INFO  [Log] Browser closed 
2016-05-11 16:09:13,206 INFO  [Log] Strating Project Test Execution 
2016-05-11 16:09:13,209 INFO  [Log] Running test for Project ID 75 
2016-05-11 16:09:13,209 INFO  [Log] **************************************************************************************** 
2016-05-11 16:09:13,209 INFO  [Log] **************************************************************************************** 
2016-05-11 16:09:13,209 INFO  [Log] $$$$$$$$$$$$$$$$$$$$$                 Starting to execute Test Set 230 and Test Case 160       $$$$$$$$$$$$$$$$$$$$$$$$$ 
2016-05-11 16:09:13,209 INFO  [Log] **************************************************************************************** 
2016-05-11 16:09:13,209 INFO  [Log] **************************************************************************************** 
2016-05-11 16:09:14,653 INFO  [Log]  Excel sheet opened 
2016-05-11 16:09:14,661 INFO  [Log] XXXXXXXXXXXXXXXXXXXXXXX             -E---N---D-             XXXXXXXXXXXXXXXXXXXXXX 
2016-05-11 16:09:14,661 INFO  [Log] X 
2016-05-11 16:09:14,662 INFO  [Log] X 
2016-05-11 16:09:14,662 INFO  [Log] X 
2016-05-11 16:09:14,662 INFO  [Log] X 
2016-05-11 16:09:14,696 INFO  [Log] Browser closed 
2016-05-11 16:10:50,742 INFO  [Log] Strating Project Test Execution 
2016-05-11 16:10:50,745 INFO  [Log] Running test for Project ID 75 
2016-05-11 16:10:50,745 INFO  [Log] **************************************************************************************** 
2016-05-11 16:10:50,745 INFO  [Log] **************************************************************************************** 
2016-05-11 16:10:50,745 INFO  [Log] $$$$$$$$$$$$$$$$$$$$$                 Starting to execute Test Set 230 and Test Case 160       $$$$$$$$$$$$$$$$$$$$$$$$$ 
2016-05-11 16:10:50,745 INFO  [Log] **************************************************************************************** 
2016-05-11 16:10:50,745 INFO  [Log] **************************************************************************************** 
2016-05-11 16:10:52,184 INFO  [Log]  Excel sheet opened 
2016-05-11 16:10:52,192 INFO  [Log] XXXXXXXXXXXXXXXXXXXXXXX             -E---N---D-             XXXXXXXXXXXXXXXXXXXXXX 
2016-05-11 16:10:52,192 INFO  [Log] X 
2016-05-11 16:10:52,192 INFO  [Log] X 
2016-05-11 16:10:52,192 INFO  [Log] X 
2016-05-11 16:10:52,192 INFO  [Log] X 
2016-05-11 16:10:52,237 INFO  [Log] Browser closed 
2016-05-11 16:10:57,799 INFO  [Log] Strating Project Test Execution 
2016-05-11 16:10:57,802 INFO  [Log] Running test for Project ID 75 
2016-05-11 16:10:57,802 INFO  [Log] **************************************************************************************** 
2016-05-11 16:10:57,802 INFO  [Log] **************************************************************************************** 
2016-05-11 16:10:57,802 INFO  [Log] $$$$$$$$$$$$$$$$$$$$$                 Starting to execute Test Set 230 and Test Case 160       $$$$$$$$$$$$$$$$$$$$$$$$$ 
2016-05-11 16:10:57,802 INFO  [Log] **************************************************************************************** 
2016-05-11 16:10:57,802 INFO  [Log] **************************************************************************************** 
2016-05-11 16:11:26,255 INFO  [Log]  Excel sheet opened 
2016-05-11 16:13:48,107 INFO  [Log] Strating Project Test Execution 
2016-05-11 16:13:48,109 INFO  [Log] Running test for Project ID 75 
2016-05-11 16:13:48,109 INFO  [Log] **************************************************************************************** 
2016-05-11 16:13:48,109 INFO  [Log] **************************************************************************************** 
2016-05-11 16:13:48,109 INFO  [Log] $$$$$$$$$$$$$$$$$$$$$                 Starting to execute Test Set 230 and Test Case 16315       $$$$$$$$$$$$$$$$$$$$$$$$$ 
2016-05-11 16:13:48,110 INFO  [Log] **************************************************************************************** 
2016-05-11 16:13:48,110 INFO  [Log] **************************************************************************************** 
2016-05-11 16:13:49,482 INFO  [Log]  Excel sheet opened 
2016-05-11 16:13:49,496 INFO  [Log] XXXXXXXXXXXXXXXXXXXXXXX             -E---N---D-             XXXXXXXXXXXXXXXXXXXXXX 
2016-05-11 16:13:49,497 INFO  [Log] X 
2016-05-11 16:13:49,497 INFO  [Log] X 
2016-05-11 16:13:49,497 INFO  [Log] X 
2016-05-11 16:13:49,497 INFO  [Log] X 
2016-05-11 16:13:49,534 INFO  [Log] Browser closed 
2016-05-11 16:14:36,697 INFO  [Log] Strating Project Test Execution 
2016-05-11 16:14:36,700 INFO  [Log] Running test for Project ID 75 
2016-05-11 16:14:36,700 INFO  [Log] **************************************************************************************** 
2016-05-11 16:14:36,700 INFO  [Log] **************************************************************************************** 
2016-05-11 16:14:36,700 INFO  [Log] $$$$$$$$$$$$$$$$$$$$$                 Starting to execute Test Set 230 and Test Case 16315       $$$$$$$$$$$$$$$$$$$$$$$$$ 
2016-05-11 16:14:36,700 INFO  [Log] **************************************************************************************** 
2016-05-11 16:14:36,700 INFO  [Log] **************************************************************************************** 
2016-05-11 16:14:36,726 INFO  [Log] XXXXXXXXXXXXXXXXXXXXXXX             -E---N---D-             XXXXXXXXXXXXXXXXXXXXXX 
2016-05-11 16:14:36,726 INFO  [Log] X 
2016-05-11 16:14:36,726 INFO  [Log] X 
2016-05-11 16:14:36,726 INFO  [Log] X 
2016-05-11 16:14:36,726 INFO  [Log] X 
2016-05-11 16:14:36,805 INFO  [Log] Browser closed 
2016-05-11 16:15:59,373 INFO  [Log] Strating Project Test Execution 
2016-05-11 16:15:59,376 INFO  [Log] Running test for Project ID 75 
2016-05-11 16:15:59,376 INFO  [Log] **************************************************************************************** 
2016-05-11 16:15:59,376 INFO  [Log] **************************************************************************************** 
2016-05-11 16:15:59,376 INFO  [Log] $$$$$$$$$$$$$$$$$$$$$                 Starting to execute Test Set 230 and Test Case 16315       $$$$$$$$$$$$$$$$$$$$$$$$$ 
2016-05-11 16:15:59,376 INFO  [Log] **************************************************************************************** 
2016-05-11 16:15:59,376 INFO  [Log] **************************************************************************************** 
2016-05-11 16:17:34,169 INFO  [Log] XXXXXXXXXXXXXXXXXXXXXXX             -E---N---D-             XXXXXXXXXXXXXXXXXXXXXX 
2016-05-11 16:17:34,169 INFO  [Log] X 
2016-05-11 16:17:34,169 INFO  [Log] X 
2016-05-11 16:17:34,169 INFO  [Log] X 
2016-05-11 16:17:34,169 INFO  [Log] X 
2016-05-11 16:17:34,244 INFO  [Log] Browser closed 
2016-05-11 16:19:29,216 INFO  [Log] Strating Project Test Execution 
2016-05-11 16:19:29,220 INFO  [Log] Running test for Project ID 75 
2016-05-11 16:19:29,220 INFO  [Log] **************************************************************************************** 
2016-05-11 16:19:29,220 INFO  [Log] **************************************************************************************** 
2016-05-11 16:19:29,220 INFO  [Log] $$$$$$$$$$$$$$$$$$$$$                 Starting to execute Test Set 230 and Test Case 16315       $$$$$$$$$$$$$$$$$$$$$$$$$ 
2016-05-11 16:19:29,220 INFO  [Log] **************************************************************************************** 
2016-05-11 16:19:29,220 INFO  [Log] **************************************************************************************** 
2016-05-11 16:20:51,598 INFO  [Log] XXXXXXXXXXXXXXXXXXXXXXX             -E---N---D-             XXXXXXXXXXXXXXXXXXXXXX 
2016-05-11 16:20:51,598 INFO  [Log] X 
2016-05-11 16:20:51,598 INFO  [Log] X 
2016-05-11 16:20:51,598 INFO  [Log] X 
2016-05-11 16:20:51,598 INFO  [Log] X 
2016-05-11 16:20:51,646 INFO  [Log] Browser closed 
2016-05-11 16:21:07,642 INFO  [Log] Strating Project Test Execution 
2016-05-11 16:21:07,645 INFO  [Log] Running test for Project ID 75 
2016-05-11 16:21:07,645 INFO  [Log] **************************************************************************************** 
2016-05-11 16:21:07,645 INFO  [Log] **************************************************************************************** 
2016-05-11 16:21:07,645 INFO  [Log] $$$$$$$$$$$$$$$$$$$$$                 Starting to execute Test Set 230 and Test Case 16315       $$$$$$$$$$$$$$$$$$$$$$$$$ 
2016-05-11 16:21:07,645 INFO  [Log] **************************************************************************************** 
2016-05-11 16:21:07,645 INFO  [Log] **************************************************************************************** 
2016-05-11 16:22:26,574 INFO  [Log] XXXXXXXXXXXXXXXXXXXXXXX             -E---N---D-             XXXXXXXXXXXXXXXXXXXXXX 
2016-05-11 16:22:26,574 INFO  [Log] X 
2016-05-11 16:22:26,574 INFO  [Log] X 
2016-05-11 16:22:26,574 INFO  [Log] X 
2016-05-11 16:22:26,574 INFO  [Log] X 
2016-05-11 16:22:26,647 INFO  [Log] Browser closed 
2016-05-11 16:22:37,689 INFO  [Log] Strating Project Test Execution 
2016-05-11 16:22:37,693 INFO  [Log] Running test for Project ID 75 
2016-05-11 16:22:37,694 INFO  [Log] **************************************************************************************** 
2016-05-11 16:22:37,694 INFO  [Log] **************************************************************************************** 
2016-05-11 16:22:37,694 INFO  [Log] $$$$$$$$$$$$$$$$$$$$$                 Starting to execute Test Set 230 and Test Case 16315       $$$$$$$$$$$$$$$$$$$$$$$$$ 
2016-05-11 16:22:37,694 INFO  [Log] **************************************************************************************** 
2016-05-11 16:22:37,694 INFO  [Log] **************************************************************************************** 
2016-05-11 16:24:22,175 INFO  [Log] Strating Project Test Execution 
2016-05-11 16:24:22,179 INFO  [Log] Running test for Project ID 75 
2016-05-11 16:24:22,180 INFO  [Log] **************************************************************************************** 
2016-05-11 16:24:22,180 INFO  [Log] **************************************************************************************** 
2016-05-11 16:24:22,180 INFO  [Log] $$$$$$$$$$$$$$$$$$$$$                 Starting to execute Test Set 230 and Test Case 16315       $$$$$$$$$$$$$$$$$$$$$$$$$ 
2016-05-11 16:24:22,180 INFO  [Log] **************************************************************************************** 
2016-05-11 16:24:22,180 INFO  [Log] **************************************************************************************** 
2016-05-11 16:24:25,609 INFO  [Log] XXXXXXXXXXXXXXXXXXXXXXX             -E---N---D-             XXXXXXXXXXXXXXXXXXXXXX 
2016-05-11 16:24:25,610 INFO  [Log] X 
2016-05-11 16:24:25,610 INFO  [Log] X 
2016-05-11 16:24:25,610 INFO  [Log] X 
2016-05-11 16:24:25,610 INFO  [Log] X 
2016-05-11 16:24:25,650 INFO  [Log] Browser closed 
2016-05-11 16:28:13,696 INFO  [Log] Strating Project Test Execution 
2016-05-11 16:28:13,699 INFO  [Log] Running test for Project ID 75 
2016-05-11 16:28:13,699 INFO  [Log] **************************************************************************************** 
2016-05-11 16:28:13,699 INFO  [Log] **************************************************************************************** 
2016-05-11 16:28:13,699 INFO  [Log] $$$$$$$$$$$$$$$$$$$$$                 Starting to execute Test Set 230 and Test Case 16315       $$$$$$$$$$$$$$$$$$$$$$$$$ 
2016-05-11 16:28:13,699 INFO  [Log] **************************************************************************************** 
2016-05-11 16:28:13,699 INFO  [Log] **************************************************************************************** 
2016-06-17 14:35:03,185 INFO  [Log] beforeSuite : Strating Project Test Execution 
2016-06-17 14:35:03,190 INFO  [Log] loadLocally : Running test for Project ID 75 
2016-06-17 14:35:03,190 INFO  [Log] **************************************************************************************** 
2016-06-17 14:35:03,190 INFO  [Log] $$$$$$$$$$$$$$$$$$$$$        TestCase loadLocally : Starting to execute Test Set 230 and Test Case 23098       $$$$$$$$$$$$$$$$$$$$$$$$$ 
2016-06-17 14:35:03,190 INFO  [Log] **************************************************************************************** 
2016-06-17 14:35:04,692 INFO  [Log] init: Excel sheet opened 
2016-06-17 14:35:04,693 INFO  [Log] **************************************************************************************** 
2016-06-17 14:35:04,693 INFO  [Log] **************************************************************************************** 
2016-06-17 14:35:04,693 INFO  [Log] #######################     TestSet    init : Start of Test Set 230       ######################## 
2016-06-17 14:35:04,693 INFO  [Log] **************************************************************************************** 
2016-06-17 14:35:04,693 INFO  [Log] **************************************************************************************** 
2016-06-17 14:35:04,714 INFO  [Log] XXXXXXXXXXXXXXXXXXXXXXX      Test Case -E---N---D-             XXXXXXXXXXXXXXXXXXXXXX 
2016-06-17 14:37:20,961 INFO  [Log] beforeSuite : Strating Project Test Execution 
2016-06-17 14:37:20,966 INFO  [Log] loadLocally : Running test for Project ID 75 
2016-06-17 14:37:20,966 INFO  [Log] **************************************************************************************** 
2016-06-17 14:37:20,966 INFO  [Log] $$$$$$$$$$$$$$$$$$$$$        TestCase loadLocally : Starting to execute Test Set 230 and Test Case 23098       $$$$$$$$$$$$$$$$$$$$$$$$$ 
2016-06-17 14:37:20,966 INFO  [Log] **************************************************************************************** 
2016-06-17 14:37:22,088 INFO  [Log] init: Excel sheet opened 
2016-06-17 14:37:22,088 INFO  [Log] **************************************************************************************** 
2016-06-17 14:37:22,088 INFO  [Log] **************************************************************************************** 
2016-06-17 14:37:22,088 INFO  [Log] #######################     TestSet    init : Start of Test Set 230       ######################## 
2016-06-17 14:37:22,088 INFO  [Log] **************************************************************************************** 
2016-06-17 14:37:22,088 INFO  [Log] **************************************************************************************** 
2016-06-17 14:37:22,108 INFO  [Log] XXXXXXXXXXXXXXXXXXXXXXX      Test Case -E---N---D-             XXXXXXXXXXXXXXXXXXXXXX 
2016-06-17 14:37:55,904 INFO  [Log] beforeSuite : Strating Project Test Execution 
2016-06-17 14:37:55,909 INFO  [Log] loadLocally : Running test for Project ID 75 
2016-06-17 14:37:55,909 INFO  [Log] **************************************************************************************** 
2016-06-17 14:37:55,909 INFO  [Log] $$$$$$$$$$$$$$$$$$$$$        TestCase loadLocally : Starting to execute Test Set 230 and Test Case 23098       $$$$$$$$$$$$$$$$$$$$$$$$$ 
2016-06-17 14:37:55,909 INFO  [Log] **************************************************************************************** 
2016-06-17 14:37:56,972 INFO  [Log] init: Excel sheet opened 
2016-06-17 14:37:56,972 INFO  [Log] **************************************************************************************** 
2016-06-17 14:37:56,972 INFO  [Log] **************************************************************************************** 
2016-06-17 14:37:56,972 INFO  [Log] #######################     TestSet    init : Start of Test Set 230       ######################## 
2016-06-17 14:37:56,972 INFO  [Log] **************************************************************************************** 
2016-06-17 14:37:56,972 INFO  [Log] **************************************************************************************** 
2016-06-17 14:37:56,980 INFO  [Log] XXXXXXXXXXXXXXXXXXXXXXX      Test Case -E---N---D-             XXXXXXXXXXXXXXXXXXXXXX 
2016-06-17 14:40:18,224 INFO  [Log] beforeSuite : Strating Project Test Execution 
2016-06-17 14:40:18,229 INFO  [Log] loadLocally : Running test for Project ID 75 
2016-06-17 14:40:18,229 INFO  [Log] **************************************************************************************** 
2016-06-17 14:40:18,229 INFO  [Log] $$$$$$$$$$$$$$$$$$$$$        TestCase loadLocally : Starting to execute Test Set 230 and Test Case 23098       $$$$$$$$$$$$$$$$$$$$$$$$$ 
2016-06-17 14:40:18,229 INFO  [Log] **************************************************************************************** 
2016-06-17 14:40:19,316 INFO  [Log] init: Excel sheet opened 
2016-06-17 14:40:19,316 INFO  [Log] **************************************************************************************** 
2016-06-17 14:40:19,317 INFO  [Log] **************************************************************************************** 
2016-06-17 14:40:19,317 INFO  [Log] #######################     TestSet    init : Start of Test Set 230       ######################## 
2016-06-17 14:40:19,317 INFO  [Log] **************************************************************************************** 
2016-06-17 14:40:19,317 INFO  [Log] **************************************************************************************** 
2016-06-17 14:40:19,337 INFO  [Log] XXXXXXXXXXXXXXXXXXXXXXX      Test Case -E---N---D-             XXXXXXXXXXXXXXXXXXXXXX 
2016-06-17 14:41:23,634 INFO  [Log] beforeSuite : Strating Project Test Execution 
2016-06-17 14:41:23,638 INFO  [Log] loadLocally : Running test for Project ID 75 
2016-06-17 14:41:23,639 INFO  [Log] **************************************************************************************** 
2016-06-17 14:41:23,639 INFO  [Log] $$$$$$$$$$$$$$$$$$$$$        TestCase loadLocally : Starting to execute Test Set 230 and Test Case 23098       $$$$$$$$$$$$$$$$$$$$$$$$$ 
2016-06-17 14:41:23,639 INFO  [Log] **************************************************************************************** 
2016-06-17 14:41:24,749 INFO  [Log] init: Excel sheet opened 
2016-06-17 14:41:24,749 INFO  [Log] **************************************************************************************** 
2016-06-17 14:41:24,749 INFO  [Log] **************************************************************************************** 
2016-06-17 14:41:24,749 INFO  [Log] #######################     TestSet    init : Start of Test Set 230       ######################## 
2016-06-17 14:41:24,749 INFO  [Log] **************************************************************************************** 
2016-06-17 14:41:24,749 INFO  [Log] **************************************************************************************** 
2016-06-17 14:41:24,780 INFO  [Log] XXXXXXXXXXXXXXXXXXXXXXX      Test Case -E---N---D-             XXXXXXXXXXXXXXXXXXXXXX 
2016-06-17 14:41:41,245 INFO  [Log] beforeSuite : Strating Project Test Execution 
2016-06-17 14:41:41,249 INFO  [Log] loadLocally : Running test for Project ID 75 
2016-06-17 14:41:41,250 INFO  [Log] **************************************************************************************** 
2016-06-17 14:41:41,250 INFO  [Log] $$$$$$$$$$$$$$$$$$$$$        TestCase loadLocally : Starting to execute Test Set 230 and Test Case 23098       $$$$$$$$$$$$$$$$$$$$$$$$$ 
2016-06-17 14:41:41,250 INFO  [Log] **************************************************************************************** 
2016-06-17 14:41:42,306 INFO  [Log] init: Excel sheet opened 
2016-06-17 14:41:42,306 INFO  [Log] **************************************************************************************** 
2016-06-17 14:41:42,306 INFO  [Log] **************************************************************************************** 
2016-06-17 14:41:42,307 INFO  [Log] #######################     TestSet    init : Start of Test Set 230       ######################## 
2016-06-17 14:41:42,307 INFO  [Log] **************************************************************************************** 
2016-06-17 14:41:42,307 INFO  [Log] **************************************************************************************** 
2016-06-17 14:41:42,314 INFO  [Log] XXXXXXXXXXXXXXXXXXXXXXX      Test Case -E---N---D-             XXXXXXXXXXXXXXXXXXXXXX 
2016-06-17 14:47:57,192 INFO  [Log] beforeSuite : Strating Project Test Execution 
2016-06-17 14:47:57,197 INFO  [Log] loadLocally : Running test for Project ID 75 
2016-06-17 14:47:57,197 INFO  [Log] **************************************************************************************** 
2016-06-17 14:47:57,197 INFO  [Log] $$$$$$$$$$$$$$$$$$$$$        TestCase loadLocally : Starting to execute Test Set 230 and Test Case 23098       $$$$$$$$$$$$$$$$$$$$$$$$$ 
2016-06-17 14:47:57,197 INFO  [Log] **************************************************************************************** 
2016-06-17 14:47:58,397 INFO  [Log] init: Excel sheet opened 
2016-06-17 14:47:58,397 INFO  [Log] **************************************************************************************** 
2016-06-17 14:47:58,397 INFO  [Log] **************************************************************************************** 
2016-06-17 14:47:58,397 INFO  [Log] #######################     TestSet    init : Start of Test Set 230       ######################## 
2016-06-17 14:47:58,397 INFO  [Log] **************************************************************************************** 
2016-06-17 14:47:58,397 INFO  [Log] **************************************************************************************** 
2016-06-17 14:47:58,417 INFO  [Log] XXXXXXXXXXXXXXXXXXXXXXX      Test Case -E---N---D-             XXXXXXXXXXXXXXXXXXXXXX 
2016-06-17 14:53:27,671 INFO  [Log] beforeSuite : Strating Project Test Execution 
2016-06-17 14:53:27,676 INFO  [Log] loadLocally : Running test for Project ID 75 
2016-06-17 14:53:27,676 INFO  [Log] **************************************************************************************** 
2016-06-17 14:53:27,676 INFO  [Log] $$$$$$$$$$$$$$$$$$$$$        TestCase loadLocally : Starting to execute Test Set 230 and Test Case 23098       $$$$$$$$$$$$$$$$$$$$$$$$$ 
2016-06-17 14:53:27,676 INFO  [Log] **************************************************************************************** 
2016-06-17 14:53:28,762 INFO  [Log] init: Excel sheet opened 
2016-06-17 14:53:28,762 INFO  [Log] **************************************************************************************** 
2016-06-17 14:53:28,762 INFO  [Log] **************************************************************************************** 
2016-06-17 14:53:28,763 INFO  [Log] #######################     TestSet    init : Start of Test Set 230       ######################## 
2016-06-17 14:53:28,763 INFO  [Log] **************************************************************************************** 
2016-06-17 14:53:28,763 INFO  [Log] **************************************************************************************** 
2016-06-17 14:53:28,783 INFO  [Log] XXXXXXXXXXXXXXXXXXXXXXX      Test Case -E---N---D-             XXXXXXXXXXXXXXXXXXXXXX 
2016-06-17 14:53:55,174 INFO  [Log] beforeSuite : Strating Project Test Execution 
2016-06-17 14:53:55,179 INFO  [Log] loadLocally : Running test for Project ID 75 
2016-06-17 14:53:55,179 INFO  [Log] **************************************************************************************** 
2016-06-17 14:53:55,179 INFO  [Log] $$$$$$$$$$$$$$$$$$$$$        TestCase loadLocally : Starting to execute Test Set 230 and Test Case 23098       $$$$$$$$$$$$$$$$$$$$$$$$$ 
2016-06-17 14:53:55,179 INFO  [Log] **************************************************************************************** 
2016-06-17 14:53:56,264 INFO  [Log] init: Excel sheet opened 
2016-06-17 14:53:56,264 INFO  [Log] **************************************************************************************** 
2016-06-17 14:53:56,264 INFO  [Log] **************************************************************************************** 
2016-06-17 14:53:56,264 INFO  [Log] #######################     TestSet    init : Start of Test Set 230       ######################## 
2016-06-17 14:53:56,264 INFO  [Log] **************************************************************************************** 
2016-06-17 14:53:56,264 INFO  [Log] **************************************************************************************** 
2016-06-17 14:53:56,271 INFO  [Log] XXXXXXXXXXXXXXXXXXXXXXX      Test Case -E---N---D-             XXXXXXXXXXXXXXXXXXXXXX 
2016-06-17 14:54:30,602 INFO  [Log] beforeSuite : Strating Project Test Execution 
2016-06-17 14:54:30,607 INFO  [Log] loadLocally : Running test for Project ID 75 
2016-06-17 14:54:30,607 INFO  [Log] **************************************************************************************** 
2016-06-17 14:54:30,607 INFO  [Log] $$$$$$$$$$$$$$$$$$$$$        TestCase loadLocally : Starting to execute Test Set 230 and Test Case 23098       $$$$$$$$$$$$$$$$$$$$$$$$$ 
2016-06-17 14:54:30,607 INFO  [Log] **************************************************************************************** 
2016-06-17 14:54:31,696 INFO  [Log] init: Excel sheet opened 
2016-06-17 14:54:31,696 INFO  [Log] **************************************************************************************** 
2016-06-17 14:54:31,696 INFO  [Log] **************************************************************************************** 
2016-06-17 14:54:31,696 INFO  [Log] #######################     TestSet    init : Start of Test Set 230       ######################## 
2016-06-17 14:54:31,696 INFO  [Log] **************************************************************************************** 
2016-06-17 14:54:31,696 INFO  [Log] **************************************************************************************** 
2016-06-17 14:54:31,716 INFO  [Log] XXXXXXXXXXXXXXXXXXXXXXX      Test Case -E---N---D-             XXXXXXXXXXXXXXXXXXXXXX 
2016-06-17 15:18:46,707 INFO  [Log] beforeSuite : Strating Project Test Execution 
2016-06-17 15:18:46,737 INFO  [Log] loadLocally : Running test for Project ID 75 
2016-06-17 15:18:46,737 INFO  [Log] **************************************************************************************** 
2016-06-17 15:18:46,738 INFO  [Log] $$$$$$$$$$$$$$$$$$$$$        TestCase loadLocally : Starting to execute Test Set 230 and Test Case 23098       $$$$$$$$$$$$$$$$$$$$$$$$$ 
2016-06-17 15:18:46,738 INFO  [Log] **************************************************************************************** 
2016-06-17 15:18:47,999 INFO  [Log] init: Excel sheet opened 
2016-06-17 15:18:47,999 INFO  [Log] **************************************************************************************** 
2016-06-17 15:18:47,999 INFO  [Log] **************************************************************************************** 
2016-06-17 15:18:47,999 INFO  [Log] #######################     TestSet    init : Start of Test Set 230       ######################## 
2016-06-17 15:18:47,999 INFO  [Log] **************************************************************************************** 
2016-06-17 15:18:47,999 INFO  [Log] **************************************************************************************** 
2016-06-17 15:18:48,057 INFO  [Log] XXXXXXXXXXXXXXXXXXXXXXX      Test Case -E---N---D-             XXXXXXXXXXXXXXXXXXXXXX 
2016-06-17 15:21:10,873 INFO  [Log] beforeSuite : Strating Project Test Execution 
2016-06-17 15:21:10,878 INFO  [Log] loadLocally : Running test for Project ID 75 
2016-06-17 15:21:10,878 INFO  [Log] **************************************************************************************** 
2016-06-17 15:21:10,878 INFO  [Log] $$$$$$$$$$$$$$$$$$$$$        TestCase loadLocally : Starting to execute Test Set 230 and Test Case 23098       $$$$$$$$$$$$$$$$$$$$$$$$$ 
2016-06-17 15:21:10,878 INFO  [Log] **************************************************************************************** 
2016-06-17 15:21:12,118 INFO  [Log] init: Excel sheet opened 
2016-06-17 15:21:15,636 INFO  [Log] **************************************************************************************** 
2016-06-17 15:21:15,636 INFO  [Log] **************************************************************************************** 
2016-06-17 15:21:15,636 INFO  [Log] #######################     TestSet    init : Start of Test Set 230       ######################## 
2016-06-17 15:21:15,636 INFO  [Log] **************************************************************************************** 
2016-06-17 15:21:15,637 INFO  [Log] **************************************************************************************** 
2016-06-17 15:21:19,740 INFO  [Log] StartTest : Test Run Excel sheet opened 
2016-06-17 15:21:22,510 INFO  [Log] **************************************************************************************** 
2016-06-17 15:21:22,510 INFO  [Log] $$$$$$$$$$$$$$$$$$$$$        TestCase StartTest Copy of Candidate Portal Registration - Validation of fields on registration form for Blue Arrow       $$$$$$$$$$$$$$$$$$$$$$$$$ 
2016-06-17 15:21:22,510 INFO  [Log] **************************************************************************************** 
2016-06-17 15:21:22,513 INFO  [Log] XXXXXXXXXXXXXXXXXXXXXXX      Test Case -E---N---D-             XXXXXXXXXXXXXXXXXXXXXX 
2016-06-17 15:21:43,415 INFO  [Log] Driver has been created for Firefox 
2016-06-17 15:21:43,681 INFO  [Log] Navigated to https://ignite--sit.cs87.my.salesforce.com/ 
2016-06-17 15:21:51,345 INFO  [Log] Navigated to https://ignite--sit.cs87.my.salesforce.com/ 
2016-06-17 15:21:51,345 INFO  [Log] Navigated to https://ignite--sit.cs87.my.salesforce.com/ 
2016-06-17 15:22:14,995 INFO  [Log] **************************************************************************************** 
2016-06-17 15:22:14,995 INFO  [Log] $$$$$$$$$$$$$$$$$$$$$        TestCase StartTest Copy of Candidate Portal Registration - Validation of fields on registration form for Medacs       $$$$$$$$$$$$$$$$$$$$$$$$$ 
2016-06-17 15:22:14,996 INFO  [Log] **************************************************************************************** 
2016-06-17 15:22:14,997 INFO  [Log] XXXXXXXXXXXXXXXXXXXXXXX      Test Case -E---N---D-             XXXXXXXXXXXXXXXXXXXXXX 
2016-06-17 15:22:15,000 INFO  [Log] **************************************************************************************** 
2016-06-17 15:22:15,000 INFO  [Log] $$$$$$$$$$$$$$$$$$$$$        TestCase StartTest Medacs duplicate check for a new Applicant form completed by a Candidate Support Officer  using GMC/GDC number       $$$$$$$$$$$$$$$$$$$$$$$$$ 
2016-06-17 15:22:15,000 INFO  [Log] **************************************************************************************** 
2016-06-17 15:22:15,007 INFO  [Log] XXXXXXXXXXXXXXXXXXXXXXX      Test Case -E---N---D-             XXXXXXXXXXXXXXXXXXXXXX 
2016-06-17 15:22:15,008 INFO  [Log] **************************************************************************************** 
2016-06-17 15:22:15,008 INFO  [Log] $$$$$$$$$$$$$$$$$$$$$        TestCase StartTest Medacs duplicate check for a new Applicant form completed by a Candidate Support Officer  using email id.       $$$$$$$$$$$$$$$$$$$$$$$$$ 
2016-06-17 15:22:15,008 INFO  [Log] **************************************************************************************** 
2016-06-17 15:22:15,008 INFO  [Log] XXXXXXXXXXXXXXXXXXXXXXX      Test Case -E---N---D-             XXXXXXXXXXXXXXXXXXXXXX 
2016-06-17 15:22:15,009 INFO  [Log] **************************************************************************************** 
2016-06-17 15:22:15,009 INFO  [Log] $$$$$$$$$$$$$$$$$$$$$        TestCase StartTest Blue Arrow duplicate check for a new Applicant form completed by a Consultant /NRC/Manager using NInumber       $$$$$$$$$$$$$$$$$$$$$$$$$ 
2016-06-17 15:22:15,009 INFO  [Log] **************************************************************************************** 
2016-06-17 15:22:15,010 INFO  [Log] XXXXXXXXXXXXXXXXXXXXXXX      Test Case -E---N---D-             XXXXXXXXXXXXXXXXXXXXXX 
2016-06-17 15:22:15,010 INFO  [Log] **************************************************************************************** 
2016-06-17 15:22:15,010 INFO  [Log] $$$$$$$$$$$$$$$$$$$$$        TestCase StartTest Blue Arrow duplicate check for a new Applicant  using Email id.       $$$$$$$$$$$$$$$$$$$$$$$$$ 
2016-06-17 15:22:15,010 INFO  [Log] **************************************************************************************** 
2016-06-17 15:22:15,011 INFO  [Log] XXXXXXXXXXXXXXXXXXXXXXX      Test Case -E---N---D-             XXXXXXXXXXXXXXXXXXXXXX 
2016-06-17 15:22:15,012 INFO  [Log] **************************************************************************************** 
2016-06-17 15:22:15,012 INFO  [Log] $$$$$$$$$$$$$$$$$$$$$        TestCase StartTest Cross Brand duplicate check when a new Applicant form is completed by a  Consultant / Candidate Support Officer / NRC / Managerusing email address.       $$$$$$$$$$$$$$$$$$$$$$$$$ 
2016-06-17 15:22:15,012 INFO  [Log] **************************************************************************************** 
2016-06-17 15:22:15,013 INFO  [Log] XXXXXXXXXXXXXXXXXXXXXXX      Test Case -E---N---D-             XXXXXXXXXXXXXXXXXXXXXX 
2016-06-17 15:22:15,013 INFO  [Log] **************************************************************************************** 
2016-06-17 15:22:15,014 INFO  [Log] $$$$$$$$$$$$$$$$$$$$$        TestCase StartTest Medacs duplicate check for a new applicant using GMC/GDC number       $$$$$$$$$$$$$$$$$$$$$$$$$ 
2016-06-17 15:22:15,014 INFO  [Log] **************************************************************************************** 
2016-06-17 15:22:15,014 INFO  [Log] XXXXXXXXXXXXXXXXXXXXXXX      Test Case -E---N---D-             XXXXXXXXXXXXXXXXXXXXXX 
2016-06-17 15:22:15,015 INFO  [Log] **************************************************************************************** 
2016-06-17 15:22:15,015 INFO  [Log] $$$$$$$$$$$$$$$$$$$$$        TestCase StartTest Medacs duplicate check for a new applicant using Email id       $$$$$$$$$$$$$$$$$$$$$$$$$ 
2016-06-17 15:22:15,015 INFO  [Log] **************************************************************************************** 
2016-06-17 15:22:15,015 INFO  [Log] XXXXXXXXXXXXXXXXXXXXXXX      Test Case -E---N---D-             XXXXXXXXXXXXXXXXXXXXXX 
2016-06-17 15:22:15,016 INFO  [Log] **************************************************************************************** 
2016-06-17 15:22:15,016 INFO  [Log] $$$$$$$$$$$$$$$$$$$$$        TestCase StartTest Medacs duplacte check for a new applicant using email id and GMC/GDC number       $$$$$$$$$$$$$$$$$$$$$$$$$ 
2016-06-17 15:22:15,016 INFO  [Log] **************************************************************************************** 
2016-06-17 15:22:15,016 INFO  [Log] XXXXXXXXXXXXXXXXXXXXXXX      Test Case -E---N---D-             XXXXXXXXXXXXXXXXXXXXXX 
2016-06-17 15:22:15,017 INFO  [Log] **************************************************************************************** 
2016-06-17 15:22:15,017 INFO  [Log] $$$$$$$$$$$$$$$$$$$$$        TestCase StartTest Blue Arrow duplicate check for a new applicant using NI number       $$$$$$$$$$$$$$$$$$$$$$$$$ 
2016-06-17 15:22:15,017 INFO  [Log] **************************************************************************************** 
2016-06-17 15:22:15,018 INFO  [Log] XXXXXXXXXXXXXXXXXXXXXXX      Test Case -E---N---D-             XXXXXXXXXXXXXXXXXXXXXX 
2016-06-17 15:22:15,018 INFO  [Log] **************************************************************************************** 
2016-06-17 15:22:15,018 INFO  [Log] $$$$$$$$$$$$$$$$$$$$$        TestCase StartTest Blue Arrow duplicate chek for a new applicant using email address       $$$$$$$$$$$$$$$$$$$$$$$$$ 
2016-06-17 15:22:15,018 INFO  [Log] **************************************************************************************** 
2016-06-17 15:22:15,019 INFO  [Log] XXXXXXXXXXXXXXXXXXXXXXX      Test Case -E---N---D-             XXXXXXXXXXXXXXXXXXXXXX 
2016-06-17 15:22:15,019 INFO  [Log] **************************************************************************************** 
2016-06-17 15:22:15,019 INFO  [Log] $$$$$$$$$$$$$$$$$$$$$        TestCase StartTest Blue Arrow duplicate check for a new applicant using email address & NI number       $$$$$$$$$$$$$$$$$$$$$$$$$ 
2016-06-17 15:22:15,019 INFO  [Log] **************************************************************************************** 
2016-06-17 15:22:15,020 INFO  [Log] XXXXXXXXXXXXXXXXXXXXXXX      Test Case -E---N---D-             XXXXXXXXXXXXXXXXXXXXXX 
2016-06-17 15:22:15,020 INFO  [Log] **************************************************************************************** 
2016-06-17 15:22:15,020 INFO  [Log] $$$$$$$$$$$$$$$$$$$$$        TestCase StartTest Blue Arrow > Medacs Cross brand testing duplicate using email address       $$$$$$$$$$$$$$$$$$$$$$$$$ 
2016-06-17 15:22:15,020 INFO  [Log] **************************************************************************************** 
2016-06-17 15:22:15,021 INFO  [Log] XXXXXXXXXXXXXXXXXXXXXXX      Test Case -E---N---D-             XXXXXXXXXXXXXXXXXXXXXX 
2016-06-17 15:22:15,022 INFO  [Log] **************************************************************************************** 
2016-06-17 15:22:15,022 INFO  [Log] $$$$$$$$$$$$$$$$$$$$$        TestCase StartTest Medacs > Blue Arrow Cross brand testing duplicate using email address       $$$$$$$$$$$$$$$$$$$$$$$$$ 
2016-06-17 15:22:15,022 INFO  [Log] **************************************************************************************** 
2016-06-17 15:22:15,022 INFO  [Log] XXXXXXXXXXXXXXXXXXXXXXX      Test Case -E---N---D-             XXXXXXXXXXXXXXXXXXXXXX 
2016-06-17 15:22:15,023 INFO  [Log] XXXXXXXXXXXXXXXXXXXXXXX      Test Case -E---N---D-             XXXXXXXXXXXXXXXXXXXXXX 
2016-06-17 15:22:15,024 INFO  [Log] ----------------------   TestSet   -E---N---D-             ---------------------- 
2016-06-17 15:22:15,024 INFO  [Log] @ 
2016-06-17 15:22:15,024 INFO  [Log] @ 
2016-06-17 15:22:15,024 INFO  [Log] @ 
2016-06-17 15:22:15,024 INFO  [Log] @ 
2016-06-17 15:22:17,174 INFO  [Log] Browser closed 
2016-06-17 15:22:55,513 INFO  [Log] beforeSuite : Strating Project Test Execution 
2016-06-17 15:22:55,545 INFO  [Log] loadLocally : Running test for Project ID 75 
2016-06-17 15:22:55,545 INFO  [Log] **************************************************************************************** 
2016-06-17 15:22:55,545 INFO  [Log] $$$$$$$$$$$$$$$$$$$$$        TestCase loadLocally : Starting to execute Test Set 230 and Test Case 23098       $$$$$$$$$$$$$$$$$$$$$$$$$ 
2016-06-17 15:22:55,545 INFO  [Log] **************************************************************************************** 
2016-06-17 15:22:56,627 INFO  [Log] init: Excel sheet opened 
2016-06-17 15:22:56,627 INFO  [Log] **************************************************************************************** 
2016-06-17 15:22:56,627 INFO  [Log] **************************************************************************************** 
2016-06-17 15:22:56,627 INFO  [Log] #######################     TestSet    init : Start of Test Set 230       ######################## 
2016-06-17 15:22:56,627 INFO  [Log] **************************************************************************************** 
2016-06-17 15:22:56,627 INFO  [Log] **************************************************************************************** 
2016-06-17 15:22:57,077 INFO  [Log] StartTest : Test Run Excel sheet opened 
2016-06-17 15:22:57,083 INFO  [Log] **************************************************************************************** 
2016-06-17 15:22:57,083 INFO  [Log] $$$$$$$$$$$$$$$$$$$$$        TestCase StartTest Copy of Candidate Portal Registration - Validation of fields on registration form for Blue Arrow       $$$$$$$$$$$$$$$$$$$$$$$$$ 
2016-06-17 15:22:57,083 INFO  [Log] **************************************************************************************** 
2016-06-17 15:22:57,084 INFO  [Log] XXXXXXXXXXXXXXXXXXXXXXX      Test Case -E---N---D-             XXXXXXXXXXXXXXXXXXXXXX 
2016-06-17 15:23:14,788 INFO  [Log] failed  Error communicating with the remote browser. It may have died.
Build info: version: '2.53.0', revision: '35ae25b', time: '2016-03-15 16:57:40'
System info: host: 'EIL-IT-990-09', ip: '172.16.3.199', os.name: 'Windows 7', os.arch: 'amd64', os.version: '6.1', java.version: '1.8.0_91'
Driver info: driver.version: FrameworkDriver
Capabilities [{applicationCacheEnabled=true, rotatable=false, handlesAlerts=true, databaseEnabled=true, version=43.0.1, platform=WINDOWS, nativeEvents=false, acceptSslCerts=true, webStorageEnabled=true, locationContextEnabled=true, browserName=firefox, takesScreenshot=true, javascriptEnabled=true, cssSelectorsEnabled=true}]
Session ID: d2bc948f-407a-4aec-9e16-ab8e98022eb1 
2016-06-17 15:23:14,788 INFO  [Log] ------Error Information : Ignite-------  
2016-06-17 15:23:14,788 INFO  [Log] Current Script:23098 
2016-06-17 15:23:14,788 INFO  [Log] Current Script:55803 
2016-06-17 15:23:14,805 INFO  [Log] XXXXXXXXXXXXXXXXXXXXXXX      Test Case -E---N---D-             XXXXXXXXXXXXXXXXXXXXXX 
2016-06-17 15:23:14,806 INFO  [Log] ----------------------   TestSet   -E---N---D-             ---------------------- 
2016-06-17 15:23:14,806 INFO  [Log] @ 
2016-06-17 15:23:14,806 INFO  [Log] @ 
2016-06-17 15:23:14,806 INFO  [Log] @ 
2016-06-17 15:23:14,806 INFO  [Log] @ 
2016-06-17 15:24:47,293 INFO  [Log] beforeSuite : Strating Project Test Execution 
2016-06-17 15:24:47,298 INFO  [Log] loadLocally : Running test for Project ID 75 
2016-06-17 15:24:47,298 INFO  [Log] **************************************************************************************** 
2016-06-17 15:24:47,298 INFO  [Log] $$$$$$$$$$$$$$$$$$$$$        TestCase loadLocally : Starting to execute Test Set 230 and Test Case 23098       $$$$$$$$$$$$$$$$$$$$$$$$$ 
2016-06-17 15:24:47,298 INFO  [Log] **************************************************************************************** 
2016-06-17 15:24:48,465 INFO  [Log] init: Excel sheet opened 
2016-06-17 15:24:48,465 INFO  [Log] **************************************************************************************** 
2016-06-17 15:24:48,465 INFO  [Log] **************************************************************************************** 
2016-06-17 15:24:48,465 INFO  [Log] #######################     TestSet    init : Start of Test Set 230       ######################## 
2016-06-17 15:24:48,465 INFO  [Log] **************************************************************************************** 
2016-06-17 15:24:48,465 INFO  [Log] **************************************************************************************** 
2016-06-17 15:24:48,928 INFO  [Log] StartTest : Test Run Excel sheet opened 
2016-06-17 15:24:48,934 INFO  [Log] **************************************************************************************** 
2016-06-17 15:24:48,934 INFO  [Log] $$$$$$$$$$$$$$$$$$$$$        TestCase StartTest Copy of Candidate Portal Registration - Validation of fields on registration form for Blue Arrow       $$$$$$$$$$$$$$$$$$$$$$$$$ 
2016-06-17 15:24:48,934 INFO  [Log] **************************************************************************************** 
2016-06-17 15:24:48,935 INFO  [Log] XXXXXXXXXXXXXXXXXXXXXXX      Test Case -E---N---D-             XXXXXXXXXXXXXXXXXXXXXX 
2016-06-17 15:25:25,441 INFO  [Log] failed  this.getChromeWindowFromDocumentWindow(...) is undefined
Command duration or timeout: 30.06 seconds
Build info: version: '2.53.0', revision: '35ae25b', time: '2016-03-15 16:57:40'
System info: host: 'EIL-IT-990-09', ip: '172.16.3.199', os.name: 'Windows 7', os.arch: 'amd64', os.version: '6.1', java.version: '1.8.0_91'
Driver info: org.openqa.selenium.firefox.FirefoxDriver
Capabilities [{applicationCacheEnabled=true, rotatable=false, handlesAlerts=true, databaseEnabled=true, version=43.0.1, platform=WINDOWS, nativeEvents=false, acceptSslCerts=true, webStorageEnabled=true, locationContextEnabled=true, browserName=firefox, takesScreenshot=true, javascriptEnabled=true, cssSelectorsEnabled=true}]
Session ID: 7c27201d-ea94-43f5-92ee-057ad86071dd 
2016-06-17 15:25:25,441 INFO  [Log] ------Error Information : Ignite-------  
2016-06-17 15:25:25,442 INFO  [Log] Current Script:23098 
2016-06-17 15:25:25,442 INFO  [Log] Current Script:55803 
2016-06-17 15:25:25,445 INFO  [Log] XXXXXXXXXXXXXXXXXXXXXXX      Test Case -E---N---D-             XXXXXXXXXXXXXXXXXXXXXX 
2016-06-17 15:25:25,446 INFO  [Log] ----------------------   TestSet   -E---N---D-             ---------------------- 
2016-06-17 15:25:25,446 INFO  [Log] @ 
2016-06-17 15:25:25,446 INFO  [Log] @ 
2016-06-17 15:25:25,446 INFO  [Log] @ 
2016-06-17 15:25:25,446 INFO  [Log] @ 
2016-06-17 15:25:25,961 INFO  [Log] Browser closed 
2016-06-17 15:25:48,101 INFO  [Log] beforeSuite : Strating Project Test Execution 
2016-06-17 15:25:48,106 INFO  [Log] loadLocally : Running test for Project ID 75 
2016-06-17 15:25:48,106 INFO  [Log] **************************************************************************************** 
2016-06-17 15:25:48,106 INFO  [Log] $$$$$$$$$$$$$$$$$$$$$        TestCase loadLocally : Starting to execute Test Set 230 and Test Case 23098       $$$$$$$$$$$$$$$$$$$$$$$$$ 
2016-06-17 15:25:48,106 INFO  [Log] **************************************************************************************** 
2016-06-17 15:25:49,158 INFO  [Log] init: Excel sheet opened 
2016-06-17 15:25:49,158 INFO  [Log] **************************************************************************************** 
2016-06-17 15:25:49,158 INFO  [Log] **************************************************************************************** 
2016-06-17 15:25:49,158 INFO  [Log] #######################     TestSet    init : Start of Test Set 230       ######################## 
2016-06-17 15:25:49,158 INFO  [Log] **************************************************************************************** 
2016-06-17 15:25:49,158 INFO  [Log] **************************************************************************************** 
2016-06-17 15:25:49,626 INFO  [Log] StartTest : Test Run Excel sheet opened 
2016-06-17 15:25:49,631 INFO  [Log] **************************************************************************************** 
2016-06-17 15:25:49,632 INFO  [Log] $$$$$$$$$$$$$$$$$$$$$        TestCase StartTest Copy of Candidate Portal Registration - Validation of fields on registration form for Blue Arrow       $$$$$$$$$$$$$$$$$$$$$$$$$ 
2016-06-17 15:25:49,632 INFO  [Log] **************************************************************************************** 
2016-06-17 15:25:49,633 INFO  [Log] XXXXXXXXXXXXXXXXXXXXXXX      Test Case -E---N---D-             XXXXXXXXXXXXXXXXXXXXXX 
2016-06-17 15:26:06,531 INFO  [Log] Driver has been created for Firefox 
2016-06-17 15:26:07,089 INFO  [Log] Navigated to https://ignite--sit.cs87.my.salesforce.com/ 
2016-06-17 15:26:13,772 INFO  [Log] Navigated to https://ignite--sit.cs87.my.salesforce.com/ 
2016-06-17 15:26:13,773 INFO  [Log] Navigated to https://ignite--sit.cs87.my.salesforce.com/ 
2016-06-17 15:26:29,865 INFO  [Log] **************************************************************************************** 
2016-06-17 15:26:29,865 INFO  [Log] $$$$$$$$$$$$$$$$$$$$$        TestCase StartTest Copy of Candidate Portal Registration - Validation of fields on registration form for Medacs       $$$$$$$$$$$$$$$$$$$$$$$$$ 
2016-06-17 15:26:29,865 INFO  [Log] **************************************************************************************** 
2016-06-17 15:26:29,866 INFO  [Log] XXXXXXXXXXXXXXXXXXXXXXX      Test Case -E---N---D-             XXXXXXXXXXXXXXXXXXXXXX 
2016-06-17 15:26:29,868 INFO  [Log] **************************************************************************************** 
2016-06-17 15:26:29,868 INFO  [Log] $$$$$$$$$$$$$$$$$$$$$        TestCase StartTest Medacs duplicate check for a new Applicant form completed by a Candidate Support Officer  using GMC/GDC number       $$$$$$$$$$$$$$$$$$$$$$$$$ 
2016-06-17 15:26:29,868 INFO  [Log] **************************************************************************************** 
2016-06-17 15:26:29,869 INFO  [Log] XXXXXXXXXXXXXXXXXXXXXXX      Test Case -E---N---D-             XXXXXXXXXXXXXXXXXXXXXX 
2016-06-17 15:26:29,870 INFO  [Log] **************************************************************************************** 
2016-06-17 15:26:29,870 INFO  [Log] $$$$$$$$$$$$$$$$$$$$$        TestCase StartTest Medacs duplicate check for a new Applicant form completed by a Candidate Support Officer  using email id.       $$$$$$$$$$$$$$$$$$$$$$$$$ 
2016-06-17 15:26:29,870 INFO  [Log] **************************************************************************************** 
2016-06-17 15:26:29,870 INFO  [Log] XXXXXXXXXXXXXXXXXXXXXXX      Test Case -E---N---D-             XXXXXXXXXXXXXXXXXXXXXX 
2016-06-17 15:26:29,871 INFO  [Log] **************************************************************************************** 
2016-06-17 15:26:29,871 INFO  [Log] $$$$$$$$$$$$$$$$$$$$$        TestCase StartTest Blue Arrow duplicate check for a new Applicant form completed by a Consultant /NRC/Manager using NInumber       $$$$$$$$$$$$$$$$$$$$$$$$$ 
2016-06-17 15:26:29,871 INFO  [Log] **************************************************************************************** 
2016-06-17 15:26:29,872 INFO  [Log] XXXXXXXXXXXXXXXXXXXXXXX      Test Case -E---N---D-             XXXXXXXXXXXXXXXXXXXXXX 
2016-06-17 15:26:29,872 INFO  [Log] **************************************************************************************** 
2016-06-17 15:26:29,872 INFO  [Log] $$$$$$$$$$$$$$$$$$$$$        TestCase StartTest Blue Arrow duplicate check for a new Applicant  using Email id.       $$$$$$$$$$$$$$$$$$$$$$$$$ 
2016-06-17 15:26:29,872 INFO  [Log] **************************************************************************************** 
2016-06-17 15:26:29,873 INFO  [Log] XXXXXXXXXXXXXXXXXXXXXXX      Test Case -E---N---D-             XXXXXXXXXXXXXXXXXXXXXX 
2016-06-17 15:26:29,873 INFO  [Log] **************************************************************************************** 
2016-06-17 15:26:29,873 INFO  [Log] $$$$$$$$$$$$$$$$$$$$$        TestCase StartTest Cross Brand duplicate check when a new Applicant form is completed by a  Consultant / Candidate Support Officer / NRC / Managerusing email address.       $$$$$$$$$$$$$$$$$$$$$$$$$ 
2016-06-17 15:26:29,873 INFO  [Log] **************************************************************************************** 
2016-06-17 15:26:29,874 INFO  [Log] XXXXXXXXXXXXXXXXXXXXXXX      Test Case -E---N---D-             XXXXXXXXXXXXXXXXXXXXXX 
2016-06-17 15:26:29,874 INFO  [Log] **************************************************************************************** 
2016-06-17 15:26:29,874 INFO  [Log] $$$$$$$$$$$$$$$$$$$$$        TestCase StartTest Medacs duplicate check for a new applicant using GMC/GDC number       $$$$$$$$$$$$$$$$$$$$$$$$$ 
2016-06-17 15:26:29,874 INFO  [Log] **************************************************************************************** 
2016-06-17 15:26:29,874 INFO  [Log] XXXXXXXXXXXXXXXXXXXXXXX      Test Case -E---N---D-             XXXXXXXXXXXXXXXXXXXXXX 
2016-06-17 15:26:29,875 INFO  [Log] **************************************************************************************** 
2016-06-17 15:26:29,875 INFO  [Log] $$$$$$$$$$$$$$$$$$$$$        TestCase StartTest Medacs duplicate check for a new applicant using Email id       $$$$$$$$$$$$$$$$$$$$$$$$$ 
2016-06-17 15:26:29,875 INFO  [Log] **************************************************************************************** 
2016-06-17 15:26:29,875 INFO  [Log] XXXXXXXXXXXXXXXXXXXXXXX      Test Case -E---N---D-             XXXXXXXXXXXXXXXXXXXXXX 
2016-06-17 15:26:29,876 INFO  [Log] **************************************************************************************** 
2016-06-17 15:26:29,876 INFO  [Log] $$$$$$$$$$$$$$$$$$$$$        TestCase StartTest Medacs duplacte check for a new applicant using email id and GMC/GDC number       $$$$$$$$$$$$$$$$$$$$$$$$$ 
2016-06-17 15:26:29,876 INFO  [Log] **************************************************************************************** 
2016-06-17 15:26:29,877 INFO  [Log] XXXXXXXXXXXXXXXXXXXXXXX      Test Case -E---N---D-             XXXXXXXXXXXXXXXXXXXXXX 
2016-06-17 15:26:29,877 INFO  [Log] **************************************************************************************** 
2016-06-17 15:26:29,877 INFO  [Log] $$$$$$$$$$$$$$$$$$$$$        TestCase StartTest Blue Arrow duplicate check for a new applicant using NI number       $$$$$$$$$$$$$$$$$$$$$$$$$ 
2016-06-17 15:26:29,877 INFO  [Log] **************************************************************************************** 
2016-06-17 15:26:29,878 INFO  [Log] XXXXXXXXXXXXXXXXXXXXXXX      Test Case -E---N---D-             XXXXXXXXXXXXXXXXXXXXXX 
2016-06-17 15:26:29,878 INFO  [Log] **************************************************************************************** 
2016-06-17 15:26:29,878 INFO  [Log] $$$$$$$$$$$$$$$$$$$$$        TestCase StartTest Blue Arrow duplicate chek for a new applicant using email address       $$$$$$$$$$$$$$$$$$$$$$$$$ 
2016-06-17 15:26:29,878 INFO  [Log] **************************************************************************************** 
2016-06-17 15:26:29,879 INFO  [Log] XXXXXXXXXXXXXXXXXXXXXXX      Test Case -E---N---D-             XXXXXXXXXXXXXXXXXXXXXX 
2016-06-17 15:26:29,879 INFO  [Log] **************************************************************************************** 
2016-06-17 15:26:29,879 INFO  [Log] $$$$$$$$$$$$$$$$$$$$$        TestCase StartTest Blue Arrow duplicate check for a new applicant using email address & NI number       $$$$$$$$$$$$$$$$$$$$$$$$$ 
2016-06-17 15:26:29,879 INFO  [Log] **************************************************************************************** 
2016-06-17 15:26:29,880 INFO  [Log] XXXXXXXXXXXXXXXXXXXXXXX      Test Case -E---N---D-             XXXXXXXXXXXXXXXXXXXXXX 
2016-06-17 15:26:29,880 INFO  [Log] **************************************************************************************** 
2016-06-17 15:26:29,880 INFO  [Log] $$$$$$$$$$$$$$$$$$$$$        TestCase StartTest Blue Arrow > Medacs Cross brand testing duplicate using email address       $$$$$$$$$$$$$$$$$$$$$$$$$ 
2016-06-17 15:26:29,880 INFO  [Log] **************************************************************************************** 
2016-06-17 15:26:29,881 INFO  [Log] XXXXXXXXXXXXXXXXXXXXXXX      Test Case -E---N---D-             XXXXXXXXXXXXXXXXXXXXXX 
2016-06-17 15:26:29,881 INFO  [Log] **************************************************************************************** 
2016-06-17 15:26:29,881 INFO  [Log] $$$$$$$$$$$$$$$$$$$$$        TestCase StartTest Medacs > Blue Arrow Cross brand testing duplicate using email address       $$$$$$$$$$$$$$$$$$$$$$$$$ 
2016-06-17 15:26:29,881 INFO  [Log] **************************************************************************************** 
2016-06-17 15:26:29,882 INFO  [Log] XXXXXXXXXXXXXXXXXXXXXXX      Test Case -E---N---D-             XXXXXXXXXXXXXXXXXXXXXX 
2016-06-17 15:26:29,882 INFO  [Log] XXXXXXXXXXXXXXXXXXXXXXX      Test Case -E---N---D-             XXXXXXXXXXXXXXXXXXXXXX 
2016-06-17 15:26:29,883 INFO  [Log] ----------------------   TestSet   -E---N---D-             ---------------------- 
2016-06-17 15:26:29,883 INFO  [Log] @ 
2016-06-17 15:26:29,883 INFO  [Log] @ 
2016-06-17 15:26:29,883 INFO  [Log] @ 
2016-06-17 15:26:29,883 INFO  [Log] @ 
2016-06-17 15:26:30,846 INFO  [Log] Browser closed 
2016-06-17 15:26:45,410 INFO  [Log] beforeSuite : Strating Project Test Execution 
2016-06-17 15:26:45,415 INFO  [Log] loadLocally : Running test for Project ID 75 
2016-06-17 15:26:45,415 INFO  [Log] **************************************************************************************** 
2016-06-17 15:26:45,415 INFO  [Log] $$$$$$$$$$$$$$$$$$$$$        TestCase loadLocally : Starting to execute Test Set 230 and Test Case 23098       $$$$$$$$$$$$$$$$$$$$$$$$$ 
2016-06-17 15:26:45,416 INFO  [Log] **************************************************************************************** 
2016-06-17 15:26:46,468 INFO  [Log] init: Excel sheet opened 
2016-06-17 15:26:46,469 INFO  [Log] **************************************************************************************** 
2016-06-17 15:26:46,469 INFO  [Log] **************************************************************************************** 
2016-06-17 15:26:46,469 INFO  [Log] #######################     TestSet    init : Start of Test Set 230       ######################## 
2016-06-17 15:26:46,469 INFO  [Log] **************************************************************************************** 
2016-06-17 15:26:46,469 INFO  [Log] **************************************************************************************** 
2016-06-17 15:26:46,966 INFO  [Log] StartTest : Test Run Excel sheet opened 
2016-06-17 15:26:46,972 INFO  [Log] **************************************************************************************** 
2016-06-17 15:26:46,972 INFO  [Log] $$$$$$$$$$$$$$$$$$$$$        TestCase StartTest Copy of Candidate Portal Registration - Validation of fields on registration form for Blue Arrow       $$$$$$$$$$$$$$$$$$$$$$$$$ 
2016-06-17 15:26:46,972 INFO  [Log] **************************************************************************************** 
2016-06-17 15:26:46,973 INFO  [Log] XXXXXXXXXXXXXXXXXXXXXXX      Test Case -E---N---D-             XXXXXXXXXXXXXXXXXXXXXX 
2016-06-17 15:27:03,024 INFO  [Log] Driver has been created for Firefox 
2016-06-17 15:27:03,559 INFO  [Log] Navigated to https://ignite--sit.cs87.my.salesforce.com/ 
2016-06-17 15:27:10,302 INFO  [Log] Navigated to https://ignite--sit.cs87.my.salesforce.com/ 
2016-06-17 15:27:10,303 INFO  [Log] Navigated to https://ignite--sit.cs87.my.salesforce.com/ 
2016-06-17 15:27:25,829 INFO  [Log] **************************************************************************************** 
2016-06-17 15:27:25,829 INFO  [Log] $$$$$$$$$$$$$$$$$$$$$        TestCase StartTest Copy of Candidate Portal Registration - Validation of fields on registration form for Medacs       $$$$$$$$$$$$$$$$$$$$$$$$$ 
2016-06-17 15:27:25,829 INFO  [Log] **************************************************************************************** 
2016-06-17 15:27:25,830 INFO  [Log] XXXXXXXXXXXXXXXXXXXXXXX      Test Case -E---N---D-             XXXXXXXXXXXXXXXXXXXXXX 
2016-06-17 15:27:25,831 INFO  [Log] **************************************************************************************** 
2016-06-17 15:27:25,831 INFO  [Log] $$$$$$$$$$$$$$$$$$$$$        TestCase StartTest Medacs duplicate check for a new Applicant form completed by a Candidate Support Officer  using GMC/GDC number       $$$$$$$$$$$$$$$$$$$$$$$$$ 
2016-06-17 15:27:25,831 INFO  [Log] **************************************************************************************** 
2016-06-17 15:27:25,832 INFO  [Log] XXXXXXXXXXXXXXXXXXXXXXX      Test Case -E---N---D-             XXXXXXXXXXXXXXXXXXXXXX 
2016-06-17 15:27:25,833 INFO  [Log] **************************************************************************************** 
2016-06-17 15:27:25,833 INFO  [Log] $$$$$$$$$$$$$$$$$$$$$        TestCase StartTest Medacs duplicate check for a new Applicant form completed by a Candidate Support Officer  using email id.       $$$$$$$$$$$$$$$$$$$$$$$$$ 
2016-06-17 15:27:25,833 INFO  [Log] **************************************************************************************** 
2016-06-17 15:27:25,833 INFO  [Log] XXXXXXXXXXXXXXXXXXXXXXX      Test Case -E---N---D-             XXXXXXXXXXXXXXXXXXXXXX 
2016-06-17 15:27:25,834 INFO  [Log] **************************************************************************************** 
2016-06-17 15:27:25,834 INFO  [Log] $$$$$$$$$$$$$$$$$$$$$        TestCase StartTest Blue Arrow duplicate check for a new Applicant form completed by a Consultant /NRC/Manager using NInumber       $$$$$$$$$$$$$$$$$$$$$$$$$ 
2016-06-17 15:27:25,834 INFO  [Log] **************************************************************************************** 
2016-06-17 15:27:25,835 INFO  [Log] XXXXXXXXXXXXXXXXXXXXXXX      Test Case -E---N---D-             XXXXXXXXXXXXXXXXXXXXXX 
2016-06-17 15:27:25,835 INFO  [Log] **************************************************************************************** 
2016-06-17 15:27:25,835 INFO  [Log] $$$$$$$$$$$$$$$$$$$$$        TestCase StartTest Blue Arrow duplicate check for a new Applicant  using Email id.       $$$$$$$$$$$$$$$$$$$$$$$$$ 
2016-06-17 15:27:25,835 INFO  [Log] **************************************************************************************** 
2016-06-17 15:27:25,836 INFO  [Log] XXXXXXXXXXXXXXXXXXXXXXX      Test Case -E---N---D-             XXXXXXXXXXXXXXXXXXXXXX 
2016-06-17 15:27:25,836 INFO  [Log] **************************************************************************************** 
2016-06-17 15:27:25,836 INFO  [Log] $$$$$$$$$$$$$$$$$$$$$        TestCase StartTest Cross Brand duplicate check when a new Applicant form is completed by a  Consultant / Candidate Support Officer / NRC / Managerusing email address.       $$$$$$$$$$$$$$$$$$$$$$$$$ 
2016-06-17 15:27:25,836 INFO  [Log] **************************************************************************************** 
2016-06-17 15:27:25,837 INFO  [Log] XXXXXXXXXXXXXXXXXXXXXXX      Test Case -E---N---D-             XXXXXXXXXXXXXXXXXXXXXX 
2016-06-17 15:27:25,837 INFO  [Log] **************************************************************************************** 
2016-06-17 15:27:25,837 INFO  [Log] $$$$$$$$$$$$$$$$$$$$$        TestCase StartTest Medacs duplicate check for a new applicant using GMC/GDC number       $$$$$$$$$$$$$$$$$$$$$$$$$ 
2016-06-17 15:27:25,837 INFO  [Log] **************************************************************************************** 
2016-06-17 15:27:25,838 INFO  [Log] XXXXXXXXXXXXXXXXXXXXXXX      Test Case -E---N---D-             XXXXXXXXXXXXXXXXXXXXXX 
2016-06-17 15:27:25,839 INFO  [Log] **************************************************************************************** 
2016-06-17 15:27:25,840 INFO  [Log] $$$$$$$$$$$$$$$$$$$$$        TestCase StartTest Medacs duplicate check for a new applicant using Email id       $$$$$$$$$$$$$$$$$$$$$$$$$ 
2016-06-17 15:27:25,840 INFO  [Log] **************************************************************************************** 
2016-06-17 15:27:25,841 INFO  [Log] XXXXXXXXXXXXXXXXXXXXXXX      Test Case -E---N---D-             XXXXXXXXXXXXXXXXXXXXXX 
2016-06-17 15:27:25,841 INFO  [Log] **************************************************************************************** 
2016-06-17 15:27:25,841 INFO  [Log] $$$$$$$$$$$$$$$$$$$$$        TestCase StartTest Medacs duplacte check for a new applicant using email id and GMC/GDC number       $$$$$$$$$$$$$$$$$$$$$$$$$ 
2016-06-17 15:27:25,841 INFO  [Log] **************************************************************************************** 
2016-06-17 15:27:25,842 INFO  [Log] XXXXXXXXXXXXXXXXXXXXXXX      Test Case -E---N---D-             XXXXXXXXXXXXXXXXXXXXXX 
2016-06-17 15:27:25,842 INFO  [Log] **************************************************************************************** 
2016-06-17 15:27:25,842 INFO  [Log] $$$$$$$$$$$$$$$$$$$$$        TestCase StartTest Blue Arrow duplicate check for a new applicant using NI number       $$$$$$$$$$$$$$$$$$$$$$$$$ 
2016-06-17 15:27:25,842 INFO  [Log] **************************************************************************************** 
2016-06-17 15:27:25,842 INFO  [Log] XXXXXXXXXXXXXXXXXXXXXXX      Test Case -E---N---D-             XXXXXXXXXXXXXXXXXXXXXX 
2016-06-17 15:27:25,843 INFO  [Log] **************************************************************************************** 
2016-06-17 15:27:25,843 INFO  [Log] $$$$$$$$$$$$$$$$$$$$$        TestCase StartTest Blue Arrow duplicate chek for a new applicant using email address       $$$$$$$$$$$$$$$$$$$$$$$$$ 
2016-06-17 15:27:25,843 INFO  [Log] **************************************************************************************** 
2016-06-17 15:27:25,843 INFO  [Log] XXXXXXXXXXXXXXXXXXXXXXX      Test Case -E---N---D-             XXXXXXXXXXXXXXXXXXXXXX 
2016-06-17 15:27:25,844 INFO  [Log] **************************************************************************************** 
2016-06-17 15:27:25,844 INFO  [Log] $$$$$$$$$$$$$$$$$$$$$        TestCase StartTest Blue Arrow duplicate check for a new applicant using email address & NI number       $$$$$$$$$$$$$$$$$$$$$$$$$ 
2016-06-17 15:27:25,844 INFO  [Log] **************************************************************************************** 
2016-06-17 15:27:25,844 INFO  [Log] XXXXXXXXXXXXXXXXXXXXXXX      Test Case -E---N---D-             XXXXXXXXXXXXXXXXXXXXXX 
2016-06-17 15:27:25,845 INFO  [Log] **************************************************************************************** 
2016-06-17 15:27:25,845 INFO  [Log] $$$$$$$$$$$$$$$$$$$$$        TestCase StartTest Blue Arrow > Medacs Cross brand testing duplicate using email address       $$$$$$$$$$$$$$$$$$$$$$$$$ 
2016-06-17 15:27:25,845 INFO  [Log] **************************************************************************************** 
2016-06-17 15:27:25,845 INFO  [Log] XXXXXXXXXXXXXXXXXXXXXXX      Test Case -E---N---D-             XXXXXXXXXXXXXXXXXXXXXX 
2016-06-17 15:27:25,846 INFO  [Log] **************************************************************************************** 
2016-06-17 15:27:25,846 INFO  [Log] $$$$$$$$$$$$$$$$$$$$$        TestCase StartTest Medacs > Blue Arrow Cross brand testing duplicate using email address       $$$$$$$$$$$$$$$$$$$$$$$$$ 
2016-06-17 15:27:25,846 INFO  [Log] **************************************************************************************** 
2016-06-17 15:27:25,846 INFO  [Log] XXXXXXXXXXXXXXXXXXXXXXX      Test Case -E---N---D-             XXXXXXXXXXXXXXXXXXXXXX 
2016-06-17 15:27:25,847 INFO  [Log] XXXXXXXXXXXXXXXXXXXXXXX      Test Case -E---N---D-             XXXXXXXXXXXXXXXXXXXXXX 
2016-06-17 15:27:25,848 INFO  [Log] ----------------------   TestSet   -E---N---D-             ---------------------- 
2016-06-17 15:27:25,848 INFO  [Log] @ 
2016-06-17 15:27:25,848 INFO  [Log] @ 
2016-06-17 15:27:25,848 INFO  [Log] @ 
2016-06-17 15:27:25,848 INFO  [Log] @ 
2016-06-17 15:27:26,486 INFO  [Log] Browser closed 
2016-06-17 15:29:54,565 INFO  [Log] beforeSuite : Strating Project Test Execution 
2016-06-17 15:29:54,570 INFO  [Log] loadLocally : Running test for Project ID 75 
2016-06-17 15:29:54,570 INFO  [Log] **************************************************************************************** 
2016-06-17 15:29:54,570 INFO  [Log] $$$$$$$$$$$$$$$$$$$$$        TestCase loadLocally : Starting to execute Test Set 230 and Test Case 23098       $$$$$$$$$$$$$$$$$$$$$$$$$ 
2016-06-17 15:29:54,570 INFO  [Log] **************************************************************************************** 
2016-06-17 15:29:55,645 INFO  [Log] init: Excel sheet opened 
2016-06-17 15:29:55,645 INFO  [Log] **************************************************************************************** 
2016-06-17 15:29:55,645 INFO  [Log] **************************************************************************************** 
2016-06-17 15:29:55,645 INFO  [Log] #######################     TestSet    init : Start of Test Set 230       ######################## 
2016-06-17 15:29:55,645 INFO  [Log] **************************************************************************************** 
2016-06-17 15:29:55,645 INFO  [Log] **************************************************************************************** 
2016-06-17 15:29:56,127 INFO  [Log] StartTest : Test Run Excel sheet opened 
2016-06-17 15:29:56,133 INFO  [Log] **************************************************************************************** 
2016-06-17 15:29:56,133 INFO  [Log] $$$$$$$$$$$$$$$$$$$$$        TestCase StartTest Copy of Candidate Portal Registration - Validation of fields on registration form for Blue Arrow       $$$$$$$$$$$$$$$$$$$$$$$$$ 
2016-06-17 15:29:56,133 INFO  [Log] **************************************************************************************** 
2016-06-17 15:29:56,134 INFO  [Log] XXXXXXXXXXXXXXXXXXXXXXX      Test Case -E---N---D-             XXXXXXXXXXXXXXXXXXXXXX 
2016-06-17 15:30:07,589 INFO  [Log] Driver has been created for Firefox 
2016-06-17 15:30:12,323 INFO  [Log] Navigated to https://ignite--sit.cs87.my.salesforce.com/ 
2016-06-17 15:30:20,141 INFO  [Log] Navigated to https://ignite--sit.cs87.my.salesforce.com/ 
2016-06-17 15:30:20,142 INFO  [Log] Navigated to https://ignite--sit.cs87.my.salesforce.com/ 
2016-06-17 15:30:43,821 INFO  [Log] **************************************************************************************** 
2016-06-17 15:30:43,821 INFO  [Log] $$$$$$$$$$$$$$$$$$$$$        TestCase StartTest Copy of Candidate Portal Registration - Validation of fields on registration form for Medacs       $$$$$$$$$$$$$$$$$$$$$$$$$ 
2016-06-17 15:30:43,821 INFO  [Log] **************************************************************************************** 
2016-06-17 15:30:43,822 INFO  [Log] XXXXXXXXXXXXXXXXXXXXXXX      Test Case -E---N---D-             XXXXXXXXXXXXXXXXXXXXXX 
2016-06-17 15:30:43,823 INFO  [Log] **************************************************************************************** 
2016-06-17 15:30:43,824 INFO  [Log] $$$$$$$$$$$$$$$$$$$$$        TestCase StartTest Medacs duplicate check for a new Applicant form completed by a Candidate Support Officer  using GMC/GDC number       $$$$$$$$$$$$$$$$$$$$$$$$$ 
2016-06-17 15:30:43,824 INFO  [Log] **************************************************************************************** 
2016-06-17 15:30:43,825 INFO  [Log] XXXXXXXXXXXXXXXXXXXXXXX      Test Case -E---N---D-             XXXXXXXXXXXXXXXXXXXXXX 
2016-06-17 15:30:43,826 INFO  [Log] **************************************************************************************** 
2016-06-17 15:30:43,826 INFO  [Log] $$$$$$$$$$$$$$$$$$$$$        TestCase StartTest Medacs duplicate check for a new Applicant form completed by a Candidate Support Officer  using email id.       $$$$$$$$$$$$$$$$$$$$$$$$$ 
2016-06-17 15:30:43,826 INFO  [Log] **************************************************************************************** 
2016-06-17 15:30:43,827 INFO  [Log] XXXXXXXXXXXXXXXXXXXXXXX      Test Case -E---N---D-             XXXXXXXXXXXXXXXXXXXXXX 
2016-06-17 15:30:43,827 INFO  [Log] **************************************************************************************** 
2016-06-17 15:30:43,827 INFO  [Log] $$$$$$$$$$$$$$$$$$$$$        TestCase StartTest Blue Arrow duplicate check for a new Applicant form completed by a Consultant /NRC/Manager using NInumber       $$$$$$$$$$$$$$$$$$$$$$$$$ 
2016-06-17 15:30:43,827 INFO  [Log] **************************************************************************************** 
2016-06-17 15:30:43,828 INFO  [Log] XXXXXXXXXXXXXXXXXXXXXXX      Test Case -E---N---D-             XXXXXXXXXXXXXXXXXXXXXX 
2016-06-17 15:30:43,829 INFO  [Log] **************************************************************************************** 
2016-06-17 15:30:43,829 INFO  [Log] $$$$$$$$$$$$$$$$$$$$$        TestCase StartTest Blue Arrow duplicate check for a new Applicant  using Email id.       $$$$$$$$$$$$$$$$$$$$$$$$$ 
2016-06-17 15:30:43,829 INFO  [Log] **************************************************************************************** 
2016-06-17 15:30:43,829 INFO  [Log] XXXXXXXXXXXXXXXXXXXXXXX      Test Case -E---N---D-             XXXXXXXXXXXXXXXXXXXXXX 
2016-06-17 15:30:43,830 INFO  [Log] **************************************************************************************** 
2016-06-17 15:30:43,830 INFO  [Log] $$$$$$$$$$$$$$$$$$$$$        TestCase StartTest Cross Brand duplicate check when a new Applicant form is completed by a  Consultant / Candidate Support Officer / NRC / Managerusing email address.       $$$$$$$$$$$$$$$$$$$$$$$$$ 
2016-06-17 15:30:43,830 INFO  [Log] **************************************************************************************** 
2016-06-17 15:30:43,831 INFO  [Log] XXXXXXXXXXXXXXXXXXXXXXX      Test Case -E---N---D-             XXXXXXXXXXXXXXXXXXXXXX 
2016-06-17 15:30:43,831 INFO  [Log] **************************************************************************************** 
2016-06-17 15:30:43,831 INFO  [Log] $$$$$$$$$$$$$$$$$$$$$        TestCase StartTest Medacs duplicate check for a new applicant using GMC/GDC number       $$$$$$$$$$$$$$$$$$$$$$$$$ 
2016-06-17 15:30:43,831 INFO  [Log] **************************************************************************************** 
2016-06-17 15:30:43,832 INFO  [Log] XXXXXXXXXXXXXXXXXXXXXXX      Test Case -E---N---D-             XXXXXXXXXXXXXXXXXXXXXX 
2016-06-17 15:30:43,832 INFO  [Log] **************************************************************************************** 
2016-06-17 15:30:43,832 INFO  [Log] $$$$$$$$$$$$$$$$$$$$$        TestCase StartTest Medacs duplicate check for a new applicant using Email id       $$$$$$$$$$$$$$$$$$$$$$$$$ 
2016-06-17 15:30:43,832 INFO  [Log] **************************************************************************************** 
2016-06-17 15:30:43,833 INFO  [Log] XXXXXXXXXXXXXXXXXXXXXXX      Test Case -E---N---D-             XXXXXXXXXXXXXXXXXXXXXX 
2016-06-17 15:30:43,833 INFO  [Log] **************************************************************************************** 
2016-06-17 15:30:43,833 INFO  [Log] $$$$$$$$$$$$$$$$$$$$$        TestCase StartTest Medacs duplacte check for a new applicant using email id and GMC/GDC number       $$$$$$$$$$$$$$$$$$$$$$$$$ 
2016-06-17 15:30:43,834 INFO  [Log] **************************************************************************************** 
2016-06-17 15:30:43,834 INFO  [Log] XXXXXXXXXXXXXXXXXXXXXXX      Test Case -E---N---D-             XXXXXXXXXXXXXXXXXXXXXX 
2016-06-17 15:30:43,835 INFO  [Log] **************************************************************************************** 
2016-06-17 15:30:43,835 INFO  [Log] $$$$$$$$$$$$$$$$$$$$$        TestCase StartTest Blue Arrow duplicate check for a new applicant using NI number       $$$$$$$$$$$$$$$$$$$$$$$$$ 
2016-06-17 15:30:43,835 INFO  [Log] **************************************************************************************** 
2016-06-17 15:30:43,836 INFO  [Log] XXXXXXXXXXXXXXXXXXXXXXX      Test Case -E---N---D-             XXXXXXXXXXXXXXXXXXXXXX 
2016-06-17 15:30:43,836 INFO  [Log] **************************************************************************************** 
2016-06-17 15:30:43,836 INFO  [Log] $$$$$$$$$$$$$$$$$$$$$        TestCase StartTest Blue Arrow duplicate chek for a new applicant using email address       $$$$$$$$$$$$$$$$$$$$$$$$$ 
2016-06-17 15:30:43,836 INFO  [Log] **************************************************************************************** 
2016-06-17 15:30:43,837 INFO  [Log] XXXXXXXXXXXXXXXXXXXXXXX      Test Case -E---N---D-             XXXXXXXXXXXXXXXXXXXXXX 
2016-06-17 15:30:43,837 INFO  [Log] **************************************************************************************** 
2016-06-17 15:30:43,837 INFO  [Log] $$$$$$$$$$$$$$$$$$$$$        TestCase StartTest Blue Arrow duplicate check for a new applicant using email address & NI number       $$$$$$$$$$$$$$$$$$$$$$$$$ 
2016-06-17 15:30:43,837 INFO  [Log] **************************************************************************************** 
2016-06-17 15:30:43,838 INFO  [Log] XXXXXXXXXXXXXXXXXXXXXXX      Test Case -E---N---D-             XXXXXXXXXXXXXXXXXXXXXX 
2016-06-17 15:30:43,839 INFO  [Log] **************************************************************************************** 
2016-06-17 15:30:43,839 INFO  [Log] $$$$$$$$$$$$$$$$$$$$$        TestCase StartTest Blue Arrow > Medacs Cross brand testing duplicate using email address       $$$$$$$$$$$$$$$$$$$$$$$$$ 
2016-06-17 15:30:43,839 INFO  [Log] **************************************************************************************** 
2016-06-17 15:30:43,839 INFO  [Log] XXXXXXXXXXXXXXXXXXXXXXX      Test Case -E---N---D-             XXXXXXXXXXXXXXXXXXXXXX 
2016-06-17 15:30:43,840 INFO  [Log] **************************************************************************************** 
2016-06-17 15:30:43,840 INFO  [Log] $$$$$$$$$$$$$$$$$$$$$        TestCase StartTest Medacs > Blue Arrow Cross brand testing duplicate using email address       $$$$$$$$$$$$$$$$$$$$$$$$$ 
2016-06-17 15:30:43,840 INFO  [Log] **************************************************************************************** 
2016-06-17 15:30:43,841 INFO  [Log] XXXXXXXXXXXXXXXXXXXXXXX      Test Case -E---N---D-             XXXXXXXXXXXXXXXXXXXXXX 
2016-06-17 15:30:43,841 INFO  [Log] XXXXXXXXXXXXXXXXXXXXXXX      Test Case -E---N---D-             XXXXXXXXXXXXXXXXXXXXXX 
2016-06-17 15:30:43,842 INFO  [Log] ----------------------   TestSet   -E---N---D-             ---------------------- 
2016-06-17 15:30:43,842 INFO  [Log] @ 
2016-06-17 15:30:43,842 INFO  [Log] @ 
2016-06-17 15:30:43,842 INFO  [Log] @ 
2016-06-17 15:30:43,842 INFO  [Log] @ 
2016-06-17 15:30:44,471 INFO  [Log] Browser closed 
